<?xml version="1.0" encoding="UTF-8"?>
<coverage generated="1541213862746" clover="3.2.0">
  <project timestamp="1541213862746" name="All files">
    <metrics statements="28" coveredstatements="24" conditionals="14" coveredconditionals="12" methods="13" coveredmethods="10" elements="55" coveredelements="46" complexity="0" loc="28" ncloc="28" packages="3" files="6" classes="6">
      <package name="client.src">
        <metrics statements="15" coveredstatements="13" conditionals="6" coveredconditionals="4" methods="7" coveredmethods="6"/>
        <file name="App.jsx" path="/home/spencer/HackReactor/FEC/client/src/App.jsx">
          <metrics statements="15" coveredstatements="13" conditionals="6" coveredconditionals="4" methods="7" coveredmethods="6"/>
          <line num="11" count="2" type="stmt"/>
          <line num="12" count="2" type="stmt"/>
          <line num="20" count="2" type="stmt"/>
          <line num="30" count="2" type="stmt"/>
          <line num="32" count="0" type="stmt"/>
          <line num="39" count="1" type="cond" truecount="1" falsecount="1"/>
          <line num="40" count="1" type="stmt"/>
          <line num="44" count="0" type="stmt"/>
          <line num="51" count="3" type="stmt"/>
          <line num="52" count="3" type="cond" truecount="2" falsecount="0"/>
          <line num="53" count="2" type="stmt"/>
          <line num="54" count="1" type="cond" truecount="1" falsecount="1"/>
          <line num="55" count="1" type="stmt"/>
          <line num="59" count="3" type="stmt"/>
          <line num="62" count="1" type="stmt"/>
        </file>
      </package>
      <package name="client.src.components">
        <metrics statements="10" coveredstatements="8" conditionals="8" coveredconditionals="8" methods="6" coveredmethods="4"/>
        <file name="Feature.jsx" path="/home/spencer/HackReactor/FEC/client/src/components/Feature.jsx">
          <metrics statements="2" coveredstatements="2" conditionals="0" coveredconditionals="0" methods="1" coveredmethods="1"/>
          <line num="5" count="3" type="stmt"/>
          <line num="6" count="2" type="stmt"/>
        </file>
        <file name="Features.jsx" path="/home/spencer/HackReactor/FEC/client/src/components/Features.jsx">
          <metrics statements="3" coveredstatements="2" conditionals="2" coveredconditionals="2" methods="2" coveredmethods="1"/>
          <line num="4" count="2" type="stmt"/>
          <line num="5" count="2" type="stmt"/>
          <line num="8" count="0" type="cond" truecount="2" falsecount="0"/>
        </file>
        <file name="TechSpec.jsx" path="/home/spencer/HackReactor/FEC/client/src/components/TechSpec.jsx">
          <metrics statements="2" coveredstatements="2" conditionals="4" coveredconditionals="4" methods="1" coveredmethods="1"/>
          <line num="3" count="3" type="stmt"/>
          <line num="4" count="3" type="stmt"/>
        </file>
        <file name="TechSpecs.jsx" path="/home/spencer/HackReactor/FEC/client/src/components/TechSpecs.jsx">
          <metrics statements="3" coveredstatements="2" conditionals="2" coveredconditionals="2" methods="2" coveredmethods="1"/>
          <line num="4" count="2" type="stmt"/>
          <line num="5" count="2" type="stmt"/>
          <line num="8" count="0" type="cond" truecount="2" falsecount="0"/>
        </file>
      </package>
      <package name="spec">
        <metrics statements="3" coveredstatements="3" conditionals="0" coveredconditionals="0" methods="0" coveredmethods="0"/>
        <file name="setupTests.js" path="/home/spencer/HackReactor/FEC/spec/setupTests.js">
          <metrics statements="3" coveredstatements="3" conditionals="0" coveredconditionals="0" methods="0" coveredmethods="0"/>
          <line num="3" count="7" type="stmt"/>
          <line num="4" count="7" type="stmt"/>
          <line num="6" count="7" type="stmt"/>
        </file>
      </package>
    </metrics>
  </project>
</coverage>
