{"/home/spencer/HackReactor/FEC/client/src/App.jsx": {"path":"/home/spencer/HackReactor/FEC/client/src/App.jsx","statementMap":{"0":{"start":{"line":11,"column":4},"end":{"line":11,"column":12}},"1":{"start":{"line":12,"column":4},"end":{"line":16,"column":5}},"2":{"start":{"line":20,"column":13},"end":{"line":20,"column":63}},"3":{"start":{"line":30,"column":6},"end":{"line":35,"column":8}},"4":{"start":{"line":32,"column":8},"end":{"line":34,"column":10}},"5":{"start":{"line":39,"column":4},"end":{"line":47,"column":5}},"6":{"start":{"line":40,"column":6},"end":{"line":42,"column":8}},"7":{"start":{"line":44,"column":6},"end":{"line":46,"column":8}},"8":{"start":{"line":51,"column":19},"end":{"line":51,"column":29}},"9":{"start":{"line":52,"column":4},"end":{"line":56,"column":5}},"10":{"start":{"line":53,"column":6},"end":{"line":53,"column":63}},"11":{"start":{"line":54,"column":10},"end":{"line":56,"column":5}},"12":{"start":{"line":55,"column":6},"end":{"line":55,"column":66}},"13":{"start":{"line":59,"column":4},"end":{"line":67,"column":6}},"14":{"start":{"line":62,"column":23},"end":{"line":62,"column":40}}},"fnMap":{"0":{"name":"(anonymous_0)","decl":{"start":{"line":10,"column":2},"end":{"line":10,"column":3}},"loc":{"start":{"line":10,"column":16},"end":{"line":17,"column":3}},"line":10},"1":{"name":"(anonymous_1)","decl":{"start":{"line":19,"column":2},"end":{"line":19,"column":3}},"loc":{"start":{"line":19,"column":21},"end":{"line":37,"column":3}},"line":19},"2":{"name":"(anonymous_2)","decl":{"start":{"line":30,"column":33},"end":{"line":30,"column":34}},"loc":{"start":{"line":30,"column":49},"end":{"line":35,"column":7}},"line":30},"3":{"name":"(anonymous_3)","decl":{"start":{"line":38,"column":2},"end":{"line":38,"column":3}},"loc":{"start":{"line":38,"column":14},"end":{"line":48,"column":3}},"line":38},"4":{"name":"(anonymous_4)","decl":{"start":{"line":50,"column":2},"end":{"line":50,"column":3}},"loc":{"start":{"line":50,"column":15},"end":{"line":57,"column":3}},"line":50},"5":{"name":"(anonymous_5)","decl":{"start":{"line":58,"column":2},"end":{"line":58,"column":3}},"loc":{"start":{"line":58,"column":11},"end":{"line":68,"column":3}},"line":58},"6":{"name":"(anonymous_6)","decl":{"start":{"line":62,"column":17},"end":{"line":62,"column":18}},"loc":{"start":{"line":62,"column":23},"end":{"line":62,"column":40}},"line":62}},"branchMap":{"0":{"loc":{"start":{"line":39,"column":4},"end":{"line":47,"column":5}},"type":"if","locations":[{"start":{"line":39,"column":4},"end":{"line":47,"column":5}},{"start":{"line":39,"column":4},"end":{"line":47,"column":5}}],"line":39},"1":{"loc":{"start":{"line":52,"column":4},"end":{"line":56,"column":5}},"type":"if","locations":[{"start":{"line":52,"column":4},"end":{"line":56,"column":5}},{"start":{"line":52,"column":4},"end":{"line":56,"column":5}}],"line":52},"2":{"loc":{"start":{"line":54,"column":10},"end":{"line":56,"column":5}},"type":"if","locations":[{"start":{"line":54,"column":10},"end":{"line":56,"column":5}},{"start":{"line":54,"column":10},"end":{"line":56,"column":5}}],"line":54}},"s":{"0":2,"1":2,"2":2,"3":2,"4":0,"5":1,"6":1,"7":0,"8":3,"9":3,"10":2,"11":1,"12":1,"13":3,"14":1},"f":{"0":2,"1":2,"2":0,"3":1,"4":3,"5":3,"6":1},"b":{"0":[1,0],"1":[2,1],"2":[1,0]},"_coverageSchema":"332fd63041d2c1bcb487cc26dd0d5f7d97098a6c","hash":"27de1809637858cb27eaa0f2613f26ac68e61c9b"}
,"/home/spencer/HackReactor/FEC/client/src/components/Feature.jsx": {"path":"/home/spencer/HackReactor/FEC/client/src/components/Feature.jsx","statementMap":{"0":{"start":{"line":5,"column":15},"end":{"line":13,"column":1}},"1":{"start":{"line":6,"column":2},"end":{"line":12,"column":8}}},"fnMap":{"0":{"name":"(anonymous_0)","decl":{"start":{"line":5,"column":15},"end":{"line":5,"column":16}},"loc":{"start":{"line":6,"column":2},"end":{"line":12,"column":8}},"line":6}},"branchMap":{},"s":{"0":3,"1":2},"f":{"0":2},"b":{},"_coverageSchema":"332fd63041d2c1bcb487cc26dd0d5f7d97098a6c","hash":"207e42909a649e2f2670f1361a80fdcdd47b3ff9"}
,"/home/spencer/HackReactor/FEC/client/src/components/Features.jsx": {"path":"/home/spencer/HackReactor/FEC/client/src/components/Features.jsx","statementMap":{"0":{"start":{"line":4,"column":17},"end":{"line":12,"column":1}},"1":{"start":{"line":5,"column":2},"end":{"line":11,"column":3}},"2":{"start":{"line":8,"column":47},"end":{"line":8,"column":75}}},"fnMap":{"0":{"name":"(anonymous_0)","decl":{"start":{"line":4,"column":17},"end":{"line":4,"column":18}},"loc":{"start":{"line":4,"column":33},"end":{"line":12,"column":1}},"line":4},"1":{"name":"(anonymous_1)","decl":{"start":{"line":8,"column":34},"end":{"line":8,"column":35}},"loc":{"start":{"line":8,"column":47},"end":{"line":8,"column":75}},"line":8}},"branchMap":{"0":{"loc":{"start":{"line":8,"column":9},"end":{"line":8,"column":76}},"type":"binary-expr","locations":[{"start":{"line":8,"column":9},"end":{"line":8,"column":17}},{"start":{"line":8,"column":21},"end":{"line":8,"column":76}}],"line":8}},"s":{"0":2,"1":2,"2":0},"f":{"0":2,"1":0},"b":{"0":[2,1]},"_coverageSchema":"332fd63041d2c1bcb487cc26dd0d5f7d97098a6c","hash":"2936a7dcd253629cd0ab087b88f142dc10211ccc"}
,"/home/spencer/HackReactor/FEC/client/src/components/TechSpec.jsx": {"path":"/home/spencer/HackReactor/FEC/client/src/components/TechSpec.jsx","statementMap":{"0":{"start":{"line":3,"column":16},"end":{"line":11,"column":1}},"1":{"start":{"line":4,"column":2},"end":{"line":10,"column":8}}},"fnMap":{"0":{"name":"(anonymous_0)","decl":{"start":{"line":3,"column":16},"end":{"line":3,"column":17}},"loc":{"start":{"line":4,"column":2},"end":{"line":10,"column":8}},"line":4}},"branchMap":{"0":{"loc":{"start":{"line":7,"column":9},"end":{"line":7,"column":35}},"type":"binary-expr","locations":[{"start":{"line":7,"column":9},"end":{"line":7,"column":17}},{"start":{"line":7,"column":21},"end":{"line":7,"column":35}}],"line":7},"1":{"loc":{"start":{"line":7,"column":38},"end":{"line":7,"column":70}},"type":"binary-expr","locations":[{"start":{"line":7,"column":38},"end":{"line":7,"column":46}},{"start":{"line":7,"column":50},"end":{"line":7,"column":70}}],"line":7}},"s":{"0":3,"1":3},"f":{"0":3},"b":{"0":[3,1],"1":[3,1]},"_coverageSchema":"332fd63041d2c1bcb487cc26dd0d5f7d97098a6c","hash":"53de28dc06fe7837fcb9a92ef71e666d5c6a727f"}
,"/home/spencer/HackReactor/FEC/client/src/components/TechSpecs.jsx": {"path":"/home/spencer/HackReactor/FEC/client/src/components/TechSpecs.jsx","statementMap":{"0":{"start":{"line":4,"column":18},"end":{"line":12,"column":1}},"1":{"start":{"line":5,"column":2},"end":{"line":11,"column":3}},"2":{"start":{"line":8,"column":48},"end":{"line":8,"column":80}}},"fnMap":{"0":{"name":"(anonymous_0)","decl":{"start":{"line":4,"column":18},"end":{"line":4,"column":19}},"loc":{"start":{"line":4,"column":35},"end":{"line":12,"column":1}},"line":4},"1":{"name":"(anonymous_1)","decl":{"start":{"line":8,"column":36},"end":{"line":8,"column":37}},"loc":{"start":{"line":8,"column":48},"end":{"line":8,"column":80}},"line":8}},"branchMap":{"0":{"loc":{"start":{"line":8,"column":9},"end":{"line":8,"column":81}},"type":"binary-expr","locations":[{"start":{"line":8,"column":9},"end":{"line":8,"column":18}},{"start":{"line":8,"column":22},"end":{"line":8,"column":81}}],"line":8}},"s":{"0":2,"1":2,"2":0},"f":{"0":2,"1":0},"b":{"0":[2,1]},"_coverageSchema":"332fd63041d2c1bcb487cc26dd0d5f7d97098a6c","hash":"ff01e948035659540801b1d4d8d61a3b4314c768"}
,"/home/spencer/HackReactor/FEC/spec/setupTests.js": {"path":"/home/spencer/HackReactor/FEC/spec/setupTests.js","statementMap":{"0":{"start":{"line":3,"column":20},"end":{"line":3,"column":37}},"1":{"start":{"line":4,"column":16},"end":{"line":4,"column":50}},"2":{"start":{"line":6,"column":0},"end":{"line":6,"column":37}}},"fnMap":{},"branchMap":{},"s":{"0":7,"1":7,"2":7},"f":{},"b":{},"_coverageSchema":"332fd63041d2c1bcb487cc26dd0d5f7d97098a6c","hash":"34dac0b23a05c1ffc9f6af669f1c281b02451ce9"}
}
