TN:
SF:/home/spencer/HackReactor/FEC/client/src/App.jsx
FN:10,(anonymous_0)
FN:19,(anonymous_1)
FN:30,(anonymous_2)
FN:38,(anonymous_3)
FN:50,(anonymous_4)
FN:58,(anonymous_5)
FN:62,(anonymous_6)
FNF:7
FNH:6
FNDA:2,(anonymous_0)
FNDA:2,(anonymous_1)
FNDA:0,(anonymous_2)
FNDA:1,(anonymous_3)
FNDA:3,(anonymous_4)
FNDA:3,(anonymous_5)
FNDA:1,(anonymous_6)
DA:11,2
DA:12,2
DA:20,2
DA:30,2
DA:32,0
DA:39,1
DA:40,1
DA:44,0
DA:51,3
DA:52,3
DA:53,2
DA:54,1
DA:55,1
DA:59,3
DA:62,1
LF:15
LH:13
BRDA:39,0,0,1
BRDA:39,0,1,0
BRDA:52,1,0,2
BRDA:52,1,1,1
BRDA:54,2,0,1
BRDA:54,2,1,0
BRF:6
BRH:4
end_of_record
TN:
SF:/home/spencer/HackReactor/FEC/client/src/components/Feature.jsx
FN:5,(anonymous_0)
FNF:1
FNH:1
FNDA:2,(anonymous_0)
DA:5,3
DA:6,2
LF:2
LH:2
BRF:0
BRH:0
end_of_record
TN:
SF:/home/spencer/HackReactor/FEC/client/src/components/Features.jsx
FN:4,(anonymous_0)
FN:8,(anonymous_1)
FNF:2
FNH:1
FNDA:2,(anonymous_0)
FNDA:0,(anonymous_1)
DA:4,2
DA:5,2
DA:8,0
LF:3
LH:2
BRDA:8,0,0,2
BRDA:8,0,1,1
BRF:2
BRH:2
end_of_record
TN:
SF:/home/spencer/HackReactor/FEC/client/src/components/TechSpec.jsx
FN:3,(anonymous_0)
FNF:1
FNH:1
FNDA:3,(anonymous_0)
DA:3,3
DA:4,3
LF:2
LH:2
BRDA:7,0,0,3
BRDA:7,0,1,1
BRDA:7,1,0,3
BRDA:7,1,1,1
BRF:4
BRH:4
end_of_record
TN:
SF:/home/spencer/HackReactor/FEC/client/src/components/TechSpecs.jsx
FN:4,(anonymous_0)
FN:8,(anonymous_1)
FNF:2
FNH:1
FNDA:2,(anonymous_0)
FNDA:0,(anonymous_1)
DA:4,2
DA:5,2
DA:8,0
LF:3
LH:2
BRDA:8,0,0,2
BRDA:8,0,1,1
BRF:2
BRH:2
end_of_record
TN:
SF:/home/spencer/HackReactor/FEC/spec/setupTests.js
FNF:0
FNH:0
DA:3,7
DA:4,7
DA:6,7
LF:3
LH:3
BRF:0
BRH:0
end_of_record
